INFO-FLOW: Workspace /home/bgc9yp/ReLev_Artifact/fpga/proj_automata/solution1 opened at Mon Apr 13 17:29:32 EDT 2026
Execute       send_msg_by_id INFO @200-1505@%s%s default  vivado 
INFO: [HLS 200-1505] Using default flow_target 'vivado'
Execute     set_part xcu280-fsvh2892-2L-e 
INFO: [HLS 200-1510] Running: set_part xcu280-fsvh2892-2L-e 
Execute       create_platform xcu280-fsvh2892-2L-e -board  
DBG:HLSDevice: Trying to load device library: /tools/Xilinx/Vitis_HLS/2023.2/lib/lnx64.o/libxv_hlsvwrap.so
DBG:HLSDevice: first parts/arch.xml in RDI_DATADIR: /tools/Xilinx/Vivado/2023.2/data/parts/arch.xml
DBG:HLSDevice: init success
INFO: [HLS 200-1611] Setting target device to 'xcu280-fsvh2892-2L-e'
Command       create_platform done; 1.01 sec.
Execute       source /tools/Xilinx/Vitis_HLS/2023.2/common/technology/xilinx/common/xilinx.gen 
Execute         source /tools/Xilinx/Vitis_HLS/2023.2/common/technology/xilinx/interface/plb46.gen 
Execute         source /tools/Xilinx/Vitis_HLS/2023.2/common/technology/xilinx/interface/axi4.gen 
Execute         source /tools/Xilinx/Vitis_HLS/2023.2/common/technology/xilinx/interface/nativeAXI4.gen 
Execute           source /tools/Xilinx/Vitis_HLS/2023.2/common/technology/xilinx/interface/saxilite.gen 
Execute         source /tools/Xilinx/Vitis_HLS/2023.2/common/technology/xilinx/scripts/xilinxcoregen.gen 
Execute         source /tools/Xilinx/Vitis_HLS/2023.2/common/technology/xilinx/interface/XilEDKCoreGen.gen 
Execute         source /tools/Xilinx/Vitis_HLS/2023.2/common/technology/xilinx/ip/util.gen 
Execute         source /tools/Xilinx/Vitis_HLS/2023.2/common/technology/xilinx/ip/xfir.gen 
Execute         source /tools/Xilinx/Vitis_HLS/2023.2/common/technology/xilinx/ip/xfft.gen 
Execute         source /tools/Xilinx/Vitis_HLS/2023.2/common/technology/xilinx/ip/dds_compiler.gen 
Execute         source /tools/Xilinx/Vitis_HLS/2023.2/common/technology/xilinx/DSP48/dsp48.gen 
Execute       ap_part_info -name xcu280-fsvh2892-2L-e -data info 
Execute       config_compile -quiet -complex-mul-dsp=0 
Command     set_part done; 1.14 sec.
Execute     create_clock -period 1.25 
INFO: [HLS 200-1510] Running: create_clock -period 1.25 
Execute       ap_set_clock -name default -period 1.25 -default=false 
INFO: [SYN 201-201] Setting up clock 'default' with a period of 1.25ns.
Execute     csim_design -clean 
INFO: [HLS 200-1510] Running: csim_design -clean 
INFO-FLOW: Running SLX 'csim' proc: ::SLX::run_csim
INFO: [SIM 211-2] *************** CSIM start ***************
INFO: [SIM 211-4] CSIM will launch GCC as the compiler.
Execute       send_msg_by_id INFO @200-2036@%s debug 
INFO: [HLS 200-2036] Building debug C Simulation binaries
Execute       ap_part_info -name xcu280-fsvh2892-2L-e -data info 
Execute       source run_sim.tcl 
INFO: [Common 17-41] Interrupt caught. Command should exit soon.
Command       ap_source done; error code: 1; 192.49 sec.
Command     csim_design done; error code: 1; 200.16 sec.
INFO: [HLS 200-111] Finished Command csim_design CPU user time: 199.39 seconds. CPU system time: 0.77 seconds. Elapsed time: 200.16 seconds; current allocated memory: 8.031 MB.
Command   ap_source done; error code: 1; 201.42 sec.
Command vitis_hls_bin done; error code: 1; 201.44 sec.
