INFO: [SIM 2] *************** CSIM start ***************
INFO: [SIM 4] CSIM will launch GCC as the compiler.
   Compiling ../../../../krnl_bloom_test.cpp in debug mode
   Compiling ../../../../krnl_bloom.cpp in debug mode
   Generating csim.exe
Read 5 keys from /home/bgc9yp/ReLev_Artifact/fpga/bloom/keys.txt
=== Standard Bloom Filter Test ===
BF Clear: OK
BF Insert: OK
BF Query (inserted): 5/5 found

=== Counting Bloom Filter Test ===
CBF Clear: OK
CBF Insert: OK
CBF Query (inserted): 5/5 found
CBF Remove: OK
CBF Query (after remove): 0/5 found

=== All tests passed ===
INFO [HLS SIM]: The maximum depth reached by any hls::stream() instance in the design is 6
INFO: [SIM 1] CSim done with 0 errors.
INFO: [SIM 3] *************** CSIM finish ***************
