1:/TCTTTTATTTCGTTGAGCAG[ACGT]GG/
2:/GGCCATCCGACTTCAAAAGA[ACGT]GG/
3:/CTCCCTCCATAGGCAGGGCC[ACGT]GG/
4:/GAGGCAAGGACAGGTTGGCC[ACGT]GG/
5:/CCCAGCTACTCGAGAGGCTG[ACGT]GG/
6:/GCTCTTCCCCGGGCCGCTCT[ACGT]GG/
7:/CCTCAGCCTCTCAGAGTGCT[ACGT]GG/
8:/GGGAATGTTTTTGGATGGTT[ACGT]GG/
9:/TTTGTTCCCTAGTTGCCTTG[ACGT]GG/
10:/GCTGGCTGGGAGTGGAGGGC[ACGT]GG/
11:/CAATGGGCACTCATGTGGCT[ACGT]GG/
12:/AATCCCTTGAACCTGGGAGG[ACGT]GG/
13:/CCAAAACCCTCTCATAAAAG[ACGT]GG/
14:/TCCCAACATACTGGGATTAC[ACGT]GG/
15:/ATCTTATATGCAAAATTAGA[ACGT]GG/
16:/CATTAATTCAGAACCTCCAA[ACGT]GG/
17:/AGACACAAATTATCAGTATT[ACGT]GG/
18:/TCAGGAGTTTGAGACCAGCC[ACGT]GG/
19:/TGCCATGTGGACCTCACCAT[ACGT]GG/
20:/TTTATCCAGTCTATCATTGA[ACGT]GG/
21:/TGGTATCAATCCCAGCGATG[ACGT]GG/
22:/TGTGCCACTGCAGTTCAACC[ACGT]GG/
23:/TTTAAGCCAACAAATATCAA[ACGT]GG/
24:/GTGAAATGTGCTGGTGCCAT[ACGT]GG/
25:/TCCTTTATATGTAGACATAA[ACGT]GG/
26:/GATGTGGGAAAATTGTTGGT[ACGT]GG/
27:/TTGTATTTTTAGTAGAGATG[ACGT]GG/
28:/TAGATTTGTTTCAATCTCCA[ACGT]GG/
29:/TTTGTATTTTTAGTAAAGAC[ACGT]GG/
30:/CACAGGACTAGGCGAGAGGA[ACGT]GG/
31:/TAGTGCCAGAAAGGAAGGTT[ACGT]GG/
32:/ACTCGGGAGGCTGAGGTGGG[ACGT]GG/
33:/GTGCATTCATATGACTTGAA[ACGT]GG/
34:/CATTGAGACCACCAAAGTCA[ACGT]GG/
35:/TGGCCAACATGGTGAAACCA[ACGT]GG/
36:/AGAGGCCATTCCCTTTGCCA[ACGT]GG/
37:/TGGTACCTTCTTACTGCAGC[ACGT]GG/
38:/GCTGAAGAGGATGGTGCTGA[ACGT]GG/
39:/TCAATGGTTGGCTAGGGCTG[ACGT]GG/
40:/GAGAACAGACCCCAAGAGGA[ACGT]GG/
41:/GCATTTTGGGAGGGTGAGGT[ACGT]GG/
42:/CAGCCTCATCCCCCTCCTCA[ACGT]GG/
43:/TCGAAGCAGGGAGAAGAGGA[ACGT]GG/
44:/TCTGTCCAGCAGCTGCAGTG[ACGT]GG/
45:/GAGTCCCTCCCACAACATGT[ACGT]GG/
46:/AAGCATGTCCAAGTGTTTGC[ACGT]GG/
47:/GTGCGGGCGATGATGTGATA[ACGT]GG/
48:/CCCACCCCACAACAGTAAGT[ACGT]GG/
49:/TATGATCATCTTACTCTACT[ACGT]GG/
50:/TGTCCTGAATGGTATTGCCC[ACGT]GG/
51:/GTGTGTTGGGTTCAGCAAAA[ACGT]GG/
52:/AATCAGAATGAGAAGATAGA[ACGT]GG/
53:/GTTTGCAGGGATGAGAATTT[ACGT]GG/
54:/CCTCAGCCTCCCAAGTAGCT[ACGT]GG/
55:/ATTTGTTATTTTCTGTCTTT[ACGT]GG/
56:/AGATGGATGGCTGGAGGTCT[ACGT]GG/
57:/GGAGTTTCACCATGTTGGCC[ACGT]GG/
58:/TCTCCATAAACTGACTAGAA[ACGT]GG/
59:/AACCGTTTAATGTGCAGAAG[ACGT]GG/
60:/GCATGGCAGTTGCAGCTGGC[ACGT]GG/
61:/GCAGATACAGTTTAGAACTT[ACGT]GG/
62:/GTTAGTTACAGAGATTGCTG[ACGT]GG/
63:/TATGTACAGCCAACACCTCA[ACGT]GG/
64:/CTAAGATCCTATAATGAGAA[ACGT]GG/
65:/GGAAGCCCATTGCCACTGTG[ACGT]GG/
66:/CTCAAGAGATCCTCCCACCT[ACGT]GG/
67:/AACACCTCAGGTTGACCATT[ACGT]GG/
68:/CACTGTTCAGTATGTCAACT[ACGT]GG/
69:/GGAGCTGCCTTTGTTCCCAC[ACGT]GG/
70:/TGGGTTTGAGCTTCTTTGAG[ACGT]GG/
71:/TGGAGCCACATGCCTTTGTT[ACGT]GG/
72:/CTGGCTAATCCTGCTATATA[ACGT]GG/
73:/ATGCCACTGTACTCCAGCCT[ACGT]GG/
74:/TCATGGGTTATCATGGGAGT[ACGT]GG/
75:/GATGGAATGACCAAGAAACA[ACGT]GG/
76:/GCAACATGCTCTAGAAAAAT[ACGT]GG/
77:/CTGGGAAAGTGGGTGGGAAG[ACGT]GG/
78:/GCCGAGGCGGGCGGATCACG[ACGT]GG/
79:/GCCTCTGAGCCACCTTGGGA[ACGT]GG/
80:/ATTTAAAGAATAGCATGAAA[ACGT]GG/
81:/CTTCTGTGGCCCCAGAGGAG[ACGT]GG/
82:/GCTGATGGCCAGAGGTCCGA[ACGT]GG/
83:/CATGCCAAAGATTTTGTCAG[ACGT]GG/
84:/AACAGCAAGGACCTCAAAGC[ACGT]GG/
85:/GAAAGCCACGGGCTAAACAC[ACGT]GG/
86:/GCTCACTGCCCAGCCCCACG[ACGT]GG/
87:/GCGTCGCGCAGCCCCCACAC[ACGT]GG/
88:/CCTCGCGATATTCCAGTTTT[ACGT]GG/
89:/CGCTCTTCGCCTGCTTAGCA[ACGT]GG/
90:/TGCACTTAGTTCAGCCTCAG[ACGT]GG/
91:/GACTATTGTTAAGAAGAAGG[ACGT]GG/
92:/TAGAGCCACCAAGCATGGGC[ACGT]GG/
93:/CGTCTGAATGTTTGGCTTGA[ACGT]GG/
94:/GAGGGCTGGAATGAGTCACA[ACGT]GG/
95:/TCAACCTCCTTTGCCTGCTC[ACGT]GG/
96:/CCTTAGACCATCCTGCTGGC[ACGT]GG/
97:/CCATTATTGGATCTACATTT[ACGT]GG/
98:/TGGGAGGAGTGCAGGCTGTG[ACGT]GG/
99:/ATCATCCATCGTGCTGGAGT[ACGT]GG/
100:/TGGAAAGGAGCAGAAAGAGT[ACGT]GG/
101:/TTAAGGGGCTTCCCTCATCC[ACGT]GG/
102:/CCAGGATGGGGGTTGGTAGG[ACGT]GG/
103:/AATTTAGACTCTGTCACTCT[ACGT]GG/
104:/CTGTGTCTGCAAAGAGGGGC[ACGT]GG/
105:/CCACCTCAAGGGAAGAATCA[ACGT]GG/
106:/AAGCCACTGCACTCCAGCCT[ACGT]GG/
107:/ACAGAAGGTGATGGAGATGC[ACGT]GG/
108:/TGCCTGTAGTTCTAGCTACT[ACGT]GG/
109:/GCTGGGCTCTGTGTTCTCTG[ACGT]GG/
110:/CTCCGAGGGGCAAGGGCAGG[ACGT]GG/
111:/GGCCTGTCTGTGTGATTGTC[ACGT]GG/
112:/TAGCCACTGCACTCTAGCCT[ACGT]GG/
113:/CTGGAAACACCATGAGGGCA[ACGT]GG/
114:/ATAGAAATTAAACTGTGTTG[ACGT]GG/
115:/ATGGAATCCCAGTTTTATTT[ACGT]GG/
116:/TTCTCATTAGAAAACATTCA[ACGT]GG/
117:/ATAATGGCACAAAATAGAGT[ACGT]GG/
118:/GGAGGGAGATAGCAGATGGC[ACGT]GG/
119:/GTTTGCCCTCCACATTTCAG[ACGT]GG/
120:/ATAAAACCCAGATGATATGA[ACGT]GG/
121:/AGGTAAACAATTCATTATAA[ACGT]GG/
122:/TAGGAGTGTGGTGCCTAGTC[ACGT]GG/
123:/GCGTGTGTGTGTGTGTGGCG[ACGT]GG/
124:/TCCAGATCAGAGACTACGTC[ACGT]GG/
125:/TAATTTCTTCCCTAAGGGTT[ACGT]GG/
126:/TCTATCACAAAGAACTCTTC[ACGT]GG/
127:/TATCAGCTTAAGGAGTTTTT[ACGT]GG/
128:/CTGGGTGGAGGCAGGTGCCC[ACGT]GG/
